[2026-02-26 20:46:13.313] [INFO] DISGUISE BUDDY starting up
[2026-02-26 20:46:13.646] [DEBUG] Retrieved server hostname: US-W-200322
[2026-02-26 20:46:39.762] [WARN] Dashboard: Could not load profiles - The term 'Get-AllProfiles' is not recognized as the name of a cmdlet, function, script file, or operable program. Check the spelling of the name, or if a path was included, verify that the path is correct and try again.
[2026-02-26 20:46:39.793] [DEBUG] Switched to view: Dashboard
[2026-02-26 20:46:39.809] [INFO] DISGUISE BUDDY initialized successfully
[2026-02-26 20:46:47.176] [DEBUG] Switched to view: Network
[2026-02-26 20:46:48.260] [INFO] Retrieved 4 SMB shares from system.
[2026-02-26 20:46:48.262] [WARN] Could not populate share grid: Exception calling "Add" with "3" argument(s): "No row can be added to a DataGridView control that does not have columns. Columns must be added first."
[2026-02-26 20:46:48.425] [DEBUG] Switched to view: SMB
[2026-02-26 20:46:59.676] [INFO] Retrieved 4 SMB shares from system.
[2026-02-26 20:46:59.690] [WARN] Could not populate share grid: Exception calling "Add" with "3" argument(s): "No row can be added to a DataGridView control that does not have columns. Columns must be added first."
[2026-02-26 20:46:59.829] [DEBUG] Switched to view: SMB
[2026-02-26 20:46:59.836] [INFO] Theme toggled to: Light
[2026-02-26 20:47:00.918] [INFO] Retrieved 4 SMB shares from system.
[2026-02-26 20:47:00.931] [WARN] Could not populate share grid: Exception calling "Add" with "3" argument(s): "No row can be added to a DataGridView control that does not have columns. Columns must be added first."
[2026-02-26 20:47:01.200] [DEBUG] Switched to view: SMB
[2026-02-26 20:47:01.210] [INFO] Theme toggled to: Dark
[2026-02-26 20:47:03.841] [DEBUG] Switched to view: Network
[2026-02-26 20:47:07.169] [DEBUG] Switched to view: Deploy
[2026-02-26 20:47:10.782] [INFO] DISGUISE BUDDY shutting down
[2026-02-26 20:49:54.759] [INFO] DISGUISE BUDDY starting up
[2026-02-26 20:49:54.983] [DEBUG] Loaded saved theme preference: Dark
[2026-02-26 20:49:55.150] [DEBUG] Retrieved server hostname: US-W-200322
[2026-02-26 20:50:00.011] [WARN] Dashboard: Could not load profiles - The term 'Get-AllProfiles' is not recognized as the name of a cmdlet, function, script file, or operable program. Check the spelling of the name, or if a path was included, verify that the path is correct and try again.
[2026-02-26 20:50:00.044] [DEBUG] Switched to view: Dashboard
[2026-02-26 20:50:00.055] [INFO] DISGUISE BUDDY initialized successfully
[2026-02-26 21:15:09.487] [INFO] DISGUISE BUDDY starting up
[2026-02-26 21:15:09.693] [DEBUG] Loaded saved theme preference: Dark
[2026-02-26 21:15:09.852] [DEBUG] Retrieved server hostname: US-W-200322
[2026-02-26 21:15:13.652] [DEBUG] Switched to view: Dashboard
[2026-02-26 21:15:13.668] [INFO] DISGUISE BUDDY initialized successfully
[2026-02-26 21:15:25.707] [WARN] Dashboard: Navigate to Deploy failed - The term 'New-DeployView' is not recognized as the name of a cmdlet, function, script file, or operable program. Check the spelling of the name, or if a path was included, verify that the path is correct and try again.
[2026-02-26 21:15:30.595] [DEBUG] Switched to view: Network
[2026-02-26 21:15:33.093] [INFO] Retrieved 4 SMB shares from system.
[2026-02-26 21:15:33.187] [DEBUG] Switched to view: SMB
[2026-02-26 21:18:25.255] [INFO] DISGUISE BUDDY shutting down
[2026-02-26 22:02:27.197] [INFO] DISGUISE BUDDY starting up
[2026-02-26 22:02:27.391] [DEBUG] Loaded saved theme preference: Dark
[2026-02-26 22:02:27.514] [DEBUG] Retrieved server hostname: US-W-200322
[2026-02-26 22:02:31.151] [DEBUG] Switched to view: Dashboard
[2026-02-26 22:02:31.167] [INFO] DISGUISE BUDDY initialized successfully
[2026-02-26 22:02:47.497] [WARN] Dashboard: Navigate to Deploy failed - The term 'New-DeployView' is not recognized as the name of a cmdlet, function, script file, or operable program. Check the spelling of the name, or if a path was included, verify that the path is correct and try again.
[2026-02-26 22:02:49.752] [DEBUG] Switched to view: Deploy
[2026-02-26 22:02:51.252] [DEBUG] Switched to view: Network
[2026-02-26 22:02:52.911] [INFO] Retrieved 4 SMB shares from system.
[2026-02-26 22:02:53.018] [DEBUG] Switched to view: SMB
[2026-02-26 22:02:53.864] [DEBUG] Retrieved system info for 'US-W-200322'.
[2026-02-26 22:02:54.022] [DEBUG] Switched to view: ServerIdentity
[2026-02-26 22:02:57.012] [INFO] Retrieved 4 SMB shares from system.
[2026-02-26 22:02:57.092] [DEBUG] Switched to view: SMB
[2026-02-26 22:07:20.925] [INFO] DISGUISE BUDDY shutting down
